[debug] [2019-05-08T09:35:07.689Z] ----------------------------------------------------------------------
[debug] [2019-05-08T09:35:07.694Z] Command:       C:\Program Files\nodejs\node.exe C:\Users\micha\AppData\Roaming\npm\node_modules\firebase-tools\lib\bin\firebase.js init
[debug] [2019-05-08T09:35:07.695Z] CLI Version:   6.9.0
[debug] [2019-05-08T09:35:07.695Z] Platform:      win32
[debug] [2019-05-08T09:35:07.695Z] Node Version:  v10.15.1
[debug] [2019-05-08T09:35:07.696Z] Time:          Wed May 08 2019 16:35:07 GMT+0700 (Western Indonesia Time)
[debug] [2019-05-08T09:35:07.696Z] ----------------------------------------------------------------------
[debug] 
[debug] [2019-05-08T09:35:07.724Z] > command requires scopes: ["email","openid","https://www.googleapis.com/auth/cloudplatformprojects.readonly","https://www.googleapis.com/auth/firebase","https://www.googleapis.com/auth/cloud-platform"]
[debug] [2019-05-08T09:35:07.725Z] > authorizing via signed-in user
[info] 
     ######## #### ########  ######## ########     ###     ######  ########
     ##        ##  ##     ## ##       ##     ##  ##   ##  ##       ##
     ######    ##  ########  ######   ########  #########  ######  ######
     ##        ##  ##    ##  ##       ##     ## ##     ##       ## ##
     ##       #### ##     ## ######## ########  ##     ##  ######  ########

You're about to initialize a Firebase project in this directory:

  C:\Users\micha\Desktop\intership_anabatic

[info] 
=== Project Setup
[info] 
[info] First, let's associate this project directory with a Firebase project.
[info] You can create multiple project aliases by running firebase use --add, 
[info] but for now we'll just set up a default project.
[info] 
[debug] [2019-05-08T09:35:15.177Z] > refreshing access token with scopes: ["email","https://www.googleapis.com/auth/cloud-platform","https://www.googleapis.com/auth/cloudplatformprojects.readonly","https://www.googleapis.com/auth/firebase","openid"]
[debug] [2019-05-08T09:35:15.177Z] >>> HTTP REQUEST POST https://www.googleapis.com/oauth2/v3/token  
 <request body omitted>
[debug] [2019-05-08T09:35:15.666Z] <<< HTTP RESPONSE 200
[debug] [2019-05-08T09:35:15.732Z] >>> HTTP REQUEST GET https://firebase.googleapis.com/v1beta1/projects?page_size=100  
 
[debug] [2019-05-08T09:35:16.422Z] Error: unable to verify the first certificate
    at TLSSocket.onConnectSecure (_tls_wrap.js:1051:34)
    at TLSSocket.emit (events.js:189:13)
    at TLSSocket.EventEmitter.emit (domain.js:441:20)
    at TLSSocket._finishInit (_tls_wrap.js:633:8)
[error] 
[error] Error: Server Error. unable to verify the first certificate
